<?xml version="1.0" encoding="UTF-8"?>
<testng-results skipped="0" failed="1" ignored="0" total="1" passed="0">
  <reporter-output>
  </reporter-output>
  <suite name="Default suite" duration-ms="1654" started-at="2019-09-22T04:54:17Z" finished-at="2019-09-22T04:54:19Z">
    <groups>
    </groups>
    <test name="Default test" duration-ms="1654" started-at="2019-09-22T04:54:17Z" finished-at="2019-09-22T04:54:19Z">
      <class name="tests.AutomationPracticeHomeActions">
        <test-method status="PASS" signature="setBrowser()[pri:0, instance:tests.AutomationPracticeHomeActions@26653222]" name="setBrowser" is-config="true" duration-ms="7259" started-at="2019-09-22T04:54:10Z" finished-at="2019-09-22T04:54:17Z">
          <reporter-output>
          </reporter-output>
        </test-method> <!-- setBrowser -->
        <test-method status="FAIL" signature="testCase()[pri:0, instance:tests.AutomationPracticeHomeActions@26653222]" name="testCase" duration-ms="1630" started-at="2019-09-22T04:54:17Z" finished-at="2019-09-22T04:54:19Z">
          <exception class="java.lang.AssertionError">
            <message>
              <![CDATA[expected [You will find here all womn fashion collections.] but found [You will find here all woman fashion collections.]]]>
            </message>
            <full-stacktrace>
              <![CDATA[java.lang.AssertionError: expected [You will find here all womn fashion collections.] but found [You will find here all woman fashion collections.]
at org.testng.Assert.fail(Assert.java:96)
at org.testng.Assert.failNotEquals(Assert.java:776)
at org.testng.Assert.assertEqualsImpl(Assert.java:137)
at org.testng.Assert.assertEquals(Assert.java:118)
at org.testng.Assert.assertEquals(Assert.java:453)
at org.testng.Assert.assertEquals(Assert.java:463)
at tests.AutomationPracticeHomeActions.testCase(AutomationPracticeHomeActions.java:21)
at sun.reflect.NativeMethodAccessorImpl.invoke0(Native Method)
at sun.reflect.NativeMethodAccessorImpl.invoke(Unknown Source)
at sun.reflect.DelegatingMethodAccessorImpl.invoke(Unknown Source)
at java.lang.reflect.Method.invoke(Unknown Source)
at org.testng.internal.MethodInvocationHelper.invokeMethod(MethodInvocationHelper.java:124)
at org.testng.internal.Invoker.invokeMethod(Invoker.java:583)
at org.testng.internal.Invoker.invokeTestMethod(Invoker.java:719)
at org.testng.internal.Invoker.invokeTestMethods(Invoker.java:989)
at org.testng.internal.TestMethodWorker.invokeTestMethods(TestMethodWorker.java:125)
at org.testng.internal.TestMethodWorker.run(TestMethodWorker.java:109)
at org.testng.TestRunner.privateRun(TestRunner.java:648)
at org.testng.TestRunner.run(TestRunner.java:505)
at org.testng.SuiteRunner.runTest(SuiteRunner.java:455)
at org.testng.SuiteRunner.runSequentially(SuiteRunner.java:450)
at org.testng.SuiteRunner.privateRun(SuiteRunner.java:415)
at org.testng.SuiteRunner.run(SuiteRunner.java:364)
at org.testng.SuiteRunnerWorker.runSuite(SuiteRunnerWorker.java:52)
at org.testng.SuiteRunnerWorker.run(SuiteRunnerWorker.java:84)
at org.testng.TestNG.runSuitesSequentially(TestNG.java:1208)
at org.testng.TestNG.runSuitesLocally(TestNG.java:1137)
at org.testng.TestNG.runSuites(TestNG.java:1049)
at org.testng.TestNG.run(TestNG.java:1017)
at org.testng.remote.AbstractRemoteTestNG.run(AbstractRemoteTestNG.java:115)
at org.testng.remote.RemoteTestNG.initAndRun(RemoteTestNG.java:251)
at org.testng.remote.RemoteTestNG.main(RemoteTestNG.java:77)
]]>
            </full-stacktrace>
          </exception> <!-- java.lang.AssertionError -->
          <reporter-output>
          </reporter-output>
        </test-method> <!-- testCase -->
        <test-method status="PASS" signature="closeBrowser()[pri:0, instance:tests.AutomationPracticeHomeActions@26653222]" name="closeBrowser" is-config="true" duration-ms="129" started-at="2019-09-22T04:54:19Z" finished-at="2019-09-22T04:54:19Z">
          <reporter-output>
          </reporter-output>
        </test-method> <!-- closeBrowser -->
      </class> <!-- tests.AutomationPracticeHomeActions -->
    </test> <!-- Default test -->
  </suite> <!-- Default suite -->
</testng-results>
